<?xml version="1.0" encoding="UTF-8"?>
<testng-results ignored="0" total="2" passed="2" failed="0" skipped="0">
  <reporter-output>
  </reporter-output>
  <suite started-at="2024-02-23T05:49:38Z" name="Suite" finished-at="2024-02-23T05:49:39Z" duration-ms="720">
    <groups>
      <group name="cucumber">
        <method signature="AbstractTestNGCucumberTests.runScenario(io.cucumber.testng.PickleWrapper, io.cucumber.testng.FeatureWrapper)[pri:0, instance:runners.RunCucumber@d62fe5b]" name="runScenario" class="io.cucumber.testng.AbstractTestNGCucumberTests"/>
      </group> <!-- cucumber -->
    </groups>
    <test started-at="2024-02-23T05:49:38Z" name="Test" finished-at="2024-02-23T05:49:39Z" duration-ms="720">
      <class name="runners.RunCucumber">
        <test-method is-config="true" signature="setUpClass(org.testng.ITestContext)[pri:0, instance:runners.RunCucumber@d62fe5b]" started-at="2024-02-23T05:49:38Z" name="setUpClass" finished-at="2024-02-23T05:49:38Z" duration-ms="367" status="PASS">
          <params>
            <param index="0">
              <value>
                <![CDATA[org.testng.TestRunner@7e46d648]]>
              </value>
            </param>
          </params>
          <reporter-output>
          </reporter-output>
        </test-method> <!-- setUpClass -->
        <test-method signature="runScenario(io.cucumber.testng.PickleWrapper, io.cucumber.testng.FeatureWrapper)[pri:0, instance:runners.RunCucumber@d62fe5b]" started-at="2024-02-23T05:49:38Z" name="runScenario" description="Runs Cucumber Scenarios" data-provider="scenarios" finished-at="2024-02-23T05:49:39Z" duration-ms="292" status="PASS">
          <params>
            <param index="0">
              <value>
                <![CDATA["Verify the login functionality with valid credentials"]]>
              </value>
            </param>
            <param index="1">
              <value>
                <![CDATA["Login"]]>
              </value>
            </param>
          </params>
          <reporter-output>
          </reporter-output>
        </test-method> <!-- runScenario -->
        <test-method signature="runScenario(io.cucumber.testng.PickleWrapper, io.cucumber.testng.FeatureWrapper)[pri:0, instance:runners.RunCucumber@d62fe5b]" started-at="2024-02-23T05:49:39Z" name="runScenario" description="Runs Cucumber Scenarios" data-provider="scenarios" finished-at="2024-02-23T05:49:39Z" duration-ms="6" status="PASS">
          <params>
            <param index="0">
              <value>
                <![CDATA["Verify the login functionality with invalid credentials"]]>
              </value>
            </param>
            <param index="1">
              <value>
                <![CDATA["Login"]]>
              </value>
            </param>
          </params>
          <reporter-output>
          </reporter-output>
        </test-method> <!-- runScenario -->
        <test-method is-config="true" signature="tearDownClass()[pri:0, instance:runners.RunCucumber@d62fe5b]" started-at="2024-02-23T05:49:39Z" name="tearDownClass" finished-at="2024-02-23T05:49:39Z" duration-ms="31" status="PASS">
          <reporter-output>
          </reporter-output>
        </test-method> <!-- tearDownClass -->
      </class> <!-- runners.RunCucumber -->
    </test> <!-- Test -->
  </suite> <!-- Suite -->
</testng-results>
